<?xml version="1.0" encoding="UTF-8"?>
<testng-results skipped="0" failed="0" ignored="0" total="1" passed="1">
  <reporter-output>
  </reporter-output>
  <suite name="Default suite" duration-ms="17812" started-at="2020-05-07T20:25:34Z" finished-at="2020-05-07T20:25:52Z">
    <groups>
    </groups>
    <test name="Default test" duration-ms="17812" started-at="2020-05-07T20:25:34Z" finished-at="2020-05-07T20:25:52Z">
      <class name="myPackage.TestParallel">
        <test-method status="PASS" signature="test_01()[pri:0, instance:myPackage.TestParallel@78c730]" name="test_01" duration-ms="17782" started-at="2020-05-08T01:55:34Z" finished-at="2020-05-08T01:55:52Z">
          <reporter-output>
          </reporter-output>
        </test-method> <!-- test_01 -->
      </class> <!-- myPackage.TestParallel -->
    </test> <!-- Default test -->
  </suite> <!-- Default suite -->
</testng-results>
