<?xml version="1.0" encoding="UTF-8"?>
<testng-results skipped="0" failed="0" ignored="0" total="1" passed="1">
  <reporter-output>
  </reporter-output>
  <suite name="BasicM Suite" duration-ms="13331" started-at="2020-04-27T17:06:49 IST" finished-at="2020-04-27T17:07:02 IST">
    <groups>
    </groups>
    <test name="BasicM Test" duration-ms="13331" started-at="2020-04-27T17:06:49 IST" finished-at="2020-04-27T17:07:02 IST">
      <class name="org.com.learnmaven.DemoTest">
        <test-method status="PASS" signature="login()[pri:0, instance:org.com.learnmaven.DemoTest@11053e1]" name="login" duration-ms="13275" started-at="2020-04-27T17:06:49 IST" finished-at="2020-04-27T17:07:02 IST">
          <reporter-output>
          </reporter-output>
        </test-method> <!-- login -->
      </class> <!-- org.com.learnmaven.DemoTest -->
    </test> <!-- BasicM Test -->
  </suite> <!-- BasicM Suite -->
</testng-results>
